<?xml version="1.0" encoding="UTF-8"?>
<testng-results ignored="0" total="1" passed="1" failed="0" skipped="0">
  <reporter-output>
  </reporter-output>
  <suite started-at="2021-02-12T14:58:54 EST" name="Suite" finished-at="2021-02-12T14:58:55 EST" duration-ms="659">
    <groups>
      <group name="cucumber">
        <method signature="AbstractTestNGCucumberTests.feature(cucumber.api.testng.CucumberFeatureWrapper)[pri:0, instance:com.osa.runner.Run@79ad8b2f]" name="feature" class="cucumber.api.testng.AbstractTestNGCucumberTests"/>
      </group> <!-- cucumber -->
    </groups>
    <test started-at="2021-02-12T14:58:54 EST" name="Test" finished-at="2021-02-12T14:58:55 EST" duration-ms="659">
      <class name="com.osa.runner.Run">
        <test-method is-config="true" signature="setUpClass()[pri:0, instance:com.osa.runner.Run@79ad8b2f]" started-at="2021-02-12T14:58:54 EST" name="setUpClass" finished-at="2021-02-12T14:58:55 EST" duration-ms="277" status="PASS">
          <reporter-output>
          </reporter-output>
        </test-method> <!-- setUpClass -->
        <test-method signature="feature(cucumber.api.testng.CucumberFeatureWrapper)[pri:0, instance:com.osa.runner.Run@79ad8b2f]" started-at="2021-02-12T14:58:55 EST" name="feature" description="Runs Cucumber Feature" data-provider="features" finished-at="2021-02-12T14:58:55 EST" duration-ms="214" status="PASS">
          <params>
            <param index="0">
              <value>
                <![CDATA[Title of your feature I want to use this template for my feature file]]>
              </value>
            </param>
          </params>
          <reporter-output>
          </reporter-output>
        </test-method> <!-- feature -->
        <test-method is-config="true" signature="tearDownClass()[pri:0, instance:com.osa.runner.Run@79ad8b2f]" started-at="2021-02-12T14:58:55 EST" name="tearDownClass" finished-at="2021-02-12T14:58:55 EST" duration-ms="16" status="PASS">
          <reporter-output>
          </reporter-output>
        </test-method> <!-- tearDownClass -->
      </class> <!-- com.osa.runner.Run -->
    </test> <!-- Test -->
  </suite> <!-- Suite -->
</testng-results>
